22:38:42.784 INFO  select * from members where email='divya.ebay@gmail.com' and password='divya' 
22:38:42.805 INFO  Login successfulfor the user, 1 
22:38:44.621 INFO  The user 1accessing /homepage 
22:42:18.180 INFO  The user 1logging out 
22:42:30.361 INFO  select * from members where email='vidya2rhyme@gmail.com' and password='vidya' 
22:42:38.945 INFO  select * from members where email='vidya.ebay@gmail.com' and password='vidya' 
22:42:38.952 INFO  Login successfulfor the user, 2 
22:42:40.326 INFO  The user 2accessing /homepage 
22:42:44.358 INFO  The user 2accessing /userprofile 
22:42:45.571 INFO  The user 2accessing /marketPlace 
22:42:47.807 INFO  The user 2added a new advertisement 
22:42:50.952 INFO  The user 2logging out 
22:43:09.035 INFO  select * from members where email='radhika.ebay@gmail.com' and password='radhika' 
22:43:09.040 INFO  Login successfulfor the user, 3 
22:43:11.180 INFO  The user 3accessing /homepage 
22:43:13.158 INFO  The user 3accessing the advertisements page 
22:43:17.975 INFO  The user 3added Apple iPhone 7to cart 
22:44:44.537 INFO  The user 3placed an order 
22:44:46.152 INFO  The user 3accessing /homepage 
22:44:48.118 INFO  The user 3accessing /userprofile 
22:44:49.622 INFO  The user 3accessing the advertisements page 
22:44:51.388 INFO  The user 3logging out 
23:40:44.223 INFO  The user 6accessing /homepage 
23:41:45.577 INFO  The user 6logging out 
23:42:06.768 INFO  select * from members where email='vimal.ebay@gmail.com' 
23:42:13.426 INFO  select * from members where email='vimal.ebay@gmail.com' 
23:42:41.861 INFO  select * from members where email='vimal.ebay@gmail.com' 
23:42:42.049 INFO  select * from members where email='vimal.ebay@gmail.com' 
23:42:42.241 INFO  select * from members where email='vimal.ebay@gmail.com' 
23:42:42.434 INFO  select * from members where email='vimal.ebay@gmail.com' 
23:42:42.765 INFO  select * from members where email='vimal.ebay@gmail.com' 
23:42:42.770 INFO  select * from members where email='vimal.ebay@gmail.com' 
23:43:49.305 INFO  select * from members where email='vimal.ebay@gmail.com' 
23:43:49.953 INFO  select * from members where email='vimal.ebay@gmail.com' 
23:43:50.324 INFO  select * from members where email='vimal.ebay@gmail.com' 
23:43:50.461 INFO  select * from members where email='vimal.ebay@gmail.com' 
23:44:35.095 INFO  select * from members where email='vimal.ebay@gmail.com' 
23:44:35.107 INFO  Login successfulfor the user, 4 
23:44:36.923 INFO  The user 4accessing /homepage 
23:44:40.368 INFO  The user 4logging out 
23:45:50.652 INFO  The user 1accessing /homepage 
23:45:53.655 INFO  The user 1logging out 
23:46:04.424 INFO  select * from members where email='divya.ebay@gmail.com' 
23:47:43.671 INFO  The user 2accessing /homepage 
23:47:45.942 INFO  The user 2logging out 
23:47:56.181 INFO  select * from members where email='vidya.ebay@gmail.com' 
23:47:56.190 INFO  Login successfulfor the user, 2 
23:47:57.835 INFO  The user 2accessing /homepage 
23:52:55.224 INFO  Login successfulfor the user, 1 
23:52:55.240 INFO  The user 1accessing /homepage 
01:00:28.573 INFO  Session expired for the user undefined 
01:00:38.319 INFO  Login successfulfor the user, 1 
01:00:38.336 INFO  The user 1accessing /homepage 
01:00:43.242 INFO  The user 1logging out 
01:02:03.807 INFO  Login successfulfor the user, 1 
01:02:03.820 INFO  The user 1accessing /homepage 
01:02:06.599 INFO  The user 1logging out 
01:02:54.648 INFO  Login successfulfor the user, 1 
01:02:54.659 INFO  The user 1accessing /homepage 
01:02:59.441 INFO  The user 1logging out 
01:05:00.375 INFO  Login successfulfor the user, 1 
01:05:00.386 INFO  The user 1accessing /homepage 
01:05:02.490 INFO  The user 1logging out 
01:07:30.094 INFO  Login successfulfor the user, 1 
01:07:30.108 INFO  The user 1accessing /homepage 
01:07:32.577 INFO  The user 1logging out 
01:48:59.045 INFO  The user undefinedaccessing /homepage 
01:51:34.032 INFO  The user undefinedlogging out 
02:02:12.317 INFO  The user undefinedaccessing /homepage 
02:03:06.880 INFO  The user undefinedlogging out 
02:07:36.390 INFO  Login successfulfor the user, 1 
02:07:36.399 INFO  The user 1accessing /homepage 
02:07:39.382 INFO  The user 1accessing the advertisements page 
02:09:09.255 INFO  The user 1accessing /marketPlace 
02:09:11.632 INFO  The user 1added a new advertisement 
02:24:44.826 INFO  Login successfulfor the user, 1 
02:24:44.841 INFO  The user 1accessing /homepage 
02:24:49.031 INFO  The user 1accessing /marketPlace 
02:24:50.808 INFO  The user 1added a new advertisement 
02:37:49.669 INFO  The user 1accessing /homepage 
02:37:52.732 INFO  The user 1accessing the advertisements page 
03:00:00.865 INFO  Login successfulfor the user, 1 
03:00:00.884 INFO  The user 1accessing /homepage 
03:00:06.997 INFO  The user 1accessing the advertisements page 
03:01:03.281 INFO  The user 1accessing the advertisements page 
03:02:11.019 INFO  The user 1accessing the advertisements page 
03:03:38.389 INFO  The user 1accessing the advertisements page 
03:05:10.043 INFO  The user 1accessing the advertisements page 
03:06:05.257 INFO  The user 1accessing the advertisements page 
03:07:29.403 INFO  Login successfulfor the user, 1 
03:07:29.427 INFO  The user 1accessing /homepage 
03:07:31.746 INFO  The user 1accessing the advertisements page 
03:08:33.486 INFO  The user 1accessing the advertisements page 
03:09:47.138 INFO  The user 1accessing the advertisements page 
03:10:38.150 INFO  The user 1accessing the advertisements page 
03:11:48.846 INFO  The user 1accessing the advertisements page 
03:13:03.951 INFO  The user 1accessing the advertisements page 
03:15:01.839 INFO  The user 1accessing the advertisements page 
03:16:52.427 INFO  The user 1accessing the advertisements page 
03:27:19.675 INFO  The user 1accessing the advertisements page 
03:32:03.471 INFO  The user 1accessing the advertisements page 
03:33:17.281 INFO  The user 1accessing the advertisements page 
03:34:13.142 INFO  The user 1accessing the advertisements page 
03:39:07.241 INFO  The user 1accessing the advertisements page 
03:40:31.426 INFO  The user 1accessing the advertisements page 
03:41:33.961 INFO  The user 1accessing the advertisements page 
03:43:21.687 INFO  The user 1accessing the advertisements page 
03:43:30.167 INFO  The user 1placed a bid on advertisement 2 
03:43:40.061 INFO  The user 1placed a bid on advertisement 2 
03:48:13.044 INFO  The user 1accessing the advertisements page 
03:48:28.883 INFO  The user 1added iphone 7to cart 
04:18:38.611 INFO  Login successfulfor the user, 1 
04:18:38.634 INFO  The user 1accessing /homepage 
04:18:41.757 INFO  The user 1accessing the advertisements page 
04:18:45.845 INFO  The user 1added iphone 7to cart 
04:20:18.482 INFO  The user 1placed an order 
04:54:22.837 INFO  Login successfulfor the user, 1 
04:54:22.853 INFO  The user 1accessing /homepage 
05:02:16.545 INFO  Login successfulfor the user, 1 
05:02:16.561 INFO  The user 1accessing /homepage 
14:50:38.939 INFO  The user undefinedaccessing /homepage 
14:55:08.673 INFO  The user undefinedlogging out 
14:56:20.224 INFO  The user undefinedaccessing /homepage 
15:04:58.834 INFO  The user [object Object]accessing /homepage 
15:16:44.790 INFO  The user [object Object]logging out 
15:19:56.690 INFO  Login successfulfor the user, 3 
15:19:56.704 INFO  The user 3accessing /homepage 
15:21:40.858 INFO  The user 3logging out 
15:21:53.004 INFO  Login successfulfor the user, 3 
15:21:53.170 INFO  The user 3accessing /homepage 
15:21:58.971 INFO  The user 3logging out 
15:23:21.935 INFO  Login successfulfor the user, 3 
15:23:21.960 INFO  The user 3accessing /homepage 
15:23:25.097 INFO  The user 3accessing /userprofile 
15:24:29.761 INFO  The user 3accessing /userprofile 
15:25:36.729 INFO  Login successfulfor the user, 3 
15:25:36.744 INFO  The user 3accessing /homepage 
15:25:38.182 INFO  The user 3accessing /userprofile 
15:26:51.776 INFO  The user 3accessing /marketPlace 
15:28:50.882 INFO  The user 3added a new advertisement 
15:36:18.213 INFO  The user 3accessing /homepage 
15:36:19.825 INFO  The user 3accessing the advertisements page 
15:41:03.200 INFO  The user 3added iphone 7to cart 
15:42:14.038 INFO  The user 3accessing /homepage 
15:42:16.183 INFO  The user 3accessing the advertisements page 
15:43:43.891 INFO  The user 3accessing the advertisements page 
15:43:49.079 INFO  The user 3added Apple iPhone 7to cart 
15:46:02.177 INFO  The user 3accessing the advertisements page 
15:46:19.023 INFO  The user 3added iphone 7to cart 
15:57:27.508 INFO  The user 3placed an order 
16:05:24.803 INFO  The user 3accessing the advertisements page 
16:09:26.755 INFO  The user 3placed a bid on advertisement 2 
16:13:26.745 INFO  The user 3placed a bid on advertisement 2 
16:16:04.125 INFO  The user 3logging out 
16:17:05.282 INFO  Login successfulfor the user, 3 
16:17:05.299 INFO  The user 3accessing /homepage 
16:17:09.341 INFO  The user 3accessing /homepage 
16:19:26.493 INFO  The user 3logging out 
16:19:33.412 INFO  Login successfulfor the user, 3 
16:19:33.436 INFO  The user 3accessing /homepage 
16:27:48.300 INFO  The user 3accessing the advertisements page 
16:28:30.458 INFO  The user 3accessing the advertisements page 
16:28:38.088 INFO  The user 3logging out 
16:28:51.114 INFO  Login successfulfor the user, 3 
16:28:51.128 INFO  The user 3accessing /homepage 
16:28:53.273 INFO  The user 3accessing the advertisements page 
16:29:26.581 INFO  The user 3accessing the advertisements page 
16:32:32.495 INFO  Login successfulfor the user, 3 
16:32:32.512 INFO  The user 3accessing /homepage 
16:38:25.532 INFO  The user 3accessing /homepage 
16:56:13.391 INFO  Login successfulfor the user, 3 
16:57:01.664 INFO  Login successfulfor the user, 3 
16:59:12.103 INFO  Login successfulfor the user, 3 
16:59:12.140 INFO  The user undefinedlogging out 
17:00:20.002 INFO  Login successfulfor the user, 3 
17:00:20.048 INFO  The user undefinedlogging out 
